<?xml version="1.0" encoding="UTF-8"?>
<!-- Generated by org.testng.reporters.JUnitReportReporter -->
<testsuite hostname="WIN-8N2F4M2" failures="0" tests="1" name="chandu.TestScenario_2" time="23.171" errors="0" timestamp="2024-02-21T23:25:12 IST" skipped="0">
  <testcase classname="chandu.TestScenario_2" name="testScenariotwo" time="23.171"/>
  <system-out/>
</testsuite> <!-- chandu.TestScenario_2 -->
