<?xml version="1.0" encoding="UTF-8"?>
<!-- Generated by org.testng.reporters.JUnitReportReporter -->
<testsuite hostname="WIN-8N2F4M2" failures="0" tests="2" name="chandu.TestScenario_1" time="33.715" errors="0" timestamp="2024-02-20T23:23:12 IST" skipped="0">
  <testcase classname="chandu.TestScenario_1" name="testScenarioone" time="16.863"/>
  <system-out/>
  <testcase classname="chandu.TestScenario_1" name="testScenarioone" time="16.852"/>
  <system-out/>
</testsuite> <!-- chandu.TestScenario_1 -->
